ARM GAS  /tmp/ccVoPLPn.s 			page 1


   1              		.cpu cortex-m4
   2              		.eabi_attribute 27, 1
   3              		.eabi_attribute 28, 1
   4              		.eabi_attribute 20, 1
   5              		.eabi_attribute 21, 1
   6              		.eabi_attribute 23, 3
   7              		.eabi_attribute 24, 1
   8              		.eabi_attribute 25, 1
   9              		.eabi_attribute 26, 1
  10              		.eabi_attribute 30, 2
  11              		.eabi_attribute 34, 1
  12              		.eabi_attribute 18, 4
  13              		.file	"adccmds.c"
  14              		.text
  15              	.Ltext0:
  16              		.cfi_sections	.debug_frame
  17              		.section	.text.adc_timer_callback,"ax",%progbits
  18              		.align	1
  19              		.p2align 2,,3
  20              		.arch armv7e-m
  21              		.syntax unified
  22              		.thumb
  23              		.thumb_func
  24              		.fpu fpv4-sp-d16
  26              	adc_timer_callback:
  27              	.LVL0:
  28              	.LFB0:
  29              		.file 1 "src/adccmds.c"
   1:src/adccmds.c **** /**
   2:src/adccmds.c ****  * @file    adccmds.c
   3:src/adccmds.c ****  * @brief   ADC 命令处理实现
   4:src/adccmds.c ****  * 
   5:src/adccmds.c ****  * 复用自 Klipper src/adccmds.c
   6:src/adccmds.c ****  * 提供 ADC 采样和温度读取功能
   7:src/adccmds.c ****  */
   8:src/adccmds.c **** 
   9:src/adccmds.c **** #include "adccmds.h"
  10:src/adccmds.c **** #include "sched.h"
  11:src/adccmds.c **** #include <stddef.h>
  12:src/adccmds.c **** 
  13:src/adccmds.c **** /* ========== 私有类型定义 ========== */
  14:src/adccmds.c **** 
  15:src/adccmds.c **** /* ADC 通道状态 */
  16:src/adccmds.c **** typedef struct {
  17:src/adccmds.c ****     uint8_t channel;            /* ADC 通道号 */
  18:src/adccmds.c ****     uint8_t configured;         /* 是否已配置 */
  19:src/adccmds.c ****     uint8_t enabled;            /* 是否启用 */
  20:src/adccmds.c ****     uint16_t value;             /* 最新采样值 */
  21:src/adccmds.c ****     uint16_t min_value;         /* 最小值（用于范围检查） */
  22:src/adccmds.c ****     uint16_t max_value;         /* 最大值（用于范围检查） */
  23:src/adccmds.c ****     adc_callback_fn_t callback; /* 采样完成回调 */
  24:src/adccmds.c ****     void* callback_arg;         /* 回调参数 */
  25:src/adccmds.c **** } adc_state_t;
  26:src/adccmds.c **** 
  27:src/adccmds.c **** /* ========== 私有变量 ========== */
  28:src/adccmds.c **** 
  29:src/adccmds.c **** /* ADC 通道状态数组 */
ARM GAS  /tmp/ccVoPLPn.s 			page 2


  30:src/adccmds.c **** static adc_state_t s_adc_channels[ADC_CHANNEL_COUNT];
  31:src/adccmds.c **** 
  32:src/adccmds.c **** /* ADC 采样定时器 */
  33:src/adccmds.c **** static sched_timer_t s_adc_timer;
  34:src/adccmds.c **** 
  35:src/adccmds.c **** /* 采样间隔（时钟周期，约 100ms） */
  36:src/adccmds.c **** #define ADC_SAMPLE_INTERVAL     100000
  37:src/adccmds.c **** 
  38:src/adccmds.c **** /* ADC 分辨率 */
  39:src/adccmds.c **** #define ADC_RESOLUTION          12
  40:src/adccmds.c **** #define ADC_MAX_VALUE           ((1 << ADC_RESOLUTION) - 1)
  41:src/adccmds.c **** 
  42:src/adccmds.c **** /* ========== HAL 接口 ========== */
  43:src/adccmds.c **** 
  44:src/adccmds.c **** /* TODO: 需要 HAL 层实现这些函数 */
  45:src/adccmds.c **** extern void adc_setup(uint8_t channel);
  46:src/adccmds.c **** extern uint16_t adc_read(uint8_t channel);
  47:src/adccmds.c **** 
  48:src/adccmds.c **** /* ========== 私有函数 ========== */
  49:src/adccmds.c **** 
  50:src/adccmds.c **** /**
  51:src/adccmds.c ****  * @brief  ADC 采样定时器回调
  52:src/adccmds.c ****  * @param  waketime 唤醒时间
  53:src/adccmds.c ****  * @retval 下次唤醒时间
  54:src/adccmds.c ****  */
  55:src/adccmds.c **** static sched_time_t adc_timer_callback(sched_time_t waketime)
  56:src/adccmds.c **** {
  30              		.loc 1 56 1 view -0
  31              		.cfi_startproc
  32              		@ args = 0, pretend = 0, frame = 0
  33              		@ frame_needed = 0, uses_anonymous_args = 0
  57:src/adccmds.c ****     int i;
  34              		.loc 1 57 5 view .LVU1
  58:src/adccmds.c ****     uint16_t value;
  35              		.loc 1 58 5 view .LVU2
  59:src/adccmds.c ****     
  60:src/adccmds.c ****     /* 遍历所有 ADC 通道 */
  61:src/adccmds.c ****     for (i = 0; i < ADC_CHANNEL_COUNT; i++) {
  36              		.loc 1 61 5 view .LVU3
  37              		.loc 1 61 17 view .LVU4
  56:src/adccmds.c ****     int i;
  38              		.loc 1 56 1 is_stmt 0 view .LVU5
  39 0000 70B5     		push	{r4, r5, r6, lr}
  40              		.cfi_def_cfa_offset 16
  41              		.cfi_offset 4, -16
  42              		.cfi_offset 5, -12
  43              		.cfi_offset 6, -8
  44              		.cfi_offset 14, -4
  45 0002 0C4C     		ldr	r4, .L15
  56:src/adccmds.c ****     int i;
  46              		.loc 1 56 1 view .LVU6
  47 0004 0646     		mov	r6, r0
  48              		.loc 1 61 12 view .LVU7
  49 0006 0025     		movs	r5, #0
  50              	.LVL1:
  51              	.L5:
  52              	.LBB4:
ARM GAS  /tmp/ccVoPLPn.s 			page 3


  62:src/adccmds.c ****         adc_state_t* adc = &s_adc_channels[i];
  53              		.loc 1 62 9 is_stmt 1 view .LVU8
  63:src/adccmds.c ****         
  64:src/adccmds.c ****         if (!adc->configured || !adc->enabled) {
  54              		.loc 1 64 9 view .LVU9
  55              		.loc 1 64 12 is_stmt 0 view .LVU10
  56 0008 6378     		ldrb	r3, [r4, #1]	@ zero_extendqisi2
  57 000a 5BB1     		cbz	r3, .L3
  65:src/adccmds.c ****             continue;
  66:src/adccmds.c ****         }
  67:src/adccmds.c ****         
  68:src/adccmds.c ****         /* 读取 ADC 值 */
  69:src/adccmds.c ****         value = adc_read(adc->channel);
  58              		.loc 1 69 9 is_stmt 1 discriminator 1 view .LVU11
  64:src/adccmds.c ****             continue;
  59              		.loc 1 64 30 is_stmt 0 discriminator 1 view .LVU12
  60 000c A378     		ldrb	r3, [r4, #2]	@ zero_extendqisi2
  61 000e 4BB1     		cbz	r3, .L3
  62              		.loc 1 69 17 view .LVU13
  63 0010 2078     		ldrb	r0, [r4]	@ zero_extendqisi2
  64 0012 FFF7FEFF 		bl	adc_read
  65              	.LVL2:
  70:src/adccmds.c ****         adc->value = value;
  71:src/adccmds.c ****         
  72:src/adccmds.c ****         /* 调用回调函数 */
  73:src/adccmds.c ****         if (adc->callback != NULL) {
  74:src/adccmds.c ****             adc->callback((adc_channel_t)i, value, adc->callback_arg);
  66              		.loc 1 74 13 is_stmt 1 view .LVU14
  73:src/adccmds.c ****             adc->callback((adc_channel_t)i, value, adc->callback_arg);
  67              		.loc 1 73 16 is_stmt 0 view .LVU15
  68 0016 E368     		ldr	r3, [r4, #12]
  69:src/adccmds.c ****         adc->value = value;
  69              		.loc 1 69 17 view .LVU16
  70 0018 0146     		mov	r1, r0
  71              	.LVL3:
  70:src/adccmds.c ****         adc->value = value;
  72              		.loc 1 70 9 is_stmt 1 view .LVU17
  70:src/adccmds.c ****         adc->value = value;
  73              		.loc 1 70 20 is_stmt 0 view .LVU18
  74 001a A180     		strh	r1, [r4, #4]	@ movhi
  73:src/adccmds.c ****             adc->callback((adc_channel_t)i, value, adc->callback_arg);
  75              		.loc 1 73 9 is_stmt 1 view .LVU19
  76              		.loc 1 74 13 is_stmt 0 view .LVU20
  77 001c 2846     		mov	r0, r5
  73:src/adccmds.c ****             adc->callback((adc_channel_t)i, value, adc->callback_arg);
  78              		.loc 1 73 12 view .LVU21
  79 001e 0BB1     		cbz	r3, .L3
  80              		.loc 1 74 13 view .LVU22
  81 0020 2269     		ldr	r2, [r4, #16]
  82 0022 9847     		blx	r3
  83              	.LVL4:
  84              	.L3:
  85              		.loc 1 74 13 view .LVU23
  86              	.LBE4:
  61:src/adccmds.c ****         adc_state_t* adc = &s_adc_channels[i];
  87              		.loc 1 61 40 is_stmt 1 discriminator 2 view .LVU24
  61:src/adccmds.c ****         adc_state_t* adc = &s_adc_channels[i];
ARM GAS  /tmp/ccVoPLPn.s 			page 4


  88              		.loc 1 61 17 discriminator 2 view .LVU25
  61:src/adccmds.c ****         adc_state_t* adc = &s_adc_channels[i];
  89              		.loc 1 61 5 is_stmt 0 discriminator 2 view .LVU26
  90 0024 1434     		adds	r4, r4, #20
  91 0026 1DB1     		cbz	r5, .L6
  75:src/adccmds.c ****         }
  76:src/adccmds.c ****     }
  77:src/adccmds.c ****     
  78:src/adccmds.c ****     /* 返回下次采样时间 */
  79:src/adccmds.c ****     return waketime + ADC_SAMPLE_INTERVAL;
  92              		.loc 1 79 5 is_stmt 1 view .LVU27
  80:src/adccmds.c **** }
  93              		.loc 1 80 1 is_stmt 0 view .LVU28
  94 0028 06F5C330 		add	r0, r6, #99840
  95 002c A030     		adds	r0, r0, #160
  96 002e 70BD     		pop	{r4, r5, r6, pc}
  97              	.LVL5:
  98              	.L6:
  99              		.loc 1 80 1 view .LVU29
 100 0030 0125     		movs	r5, #1
 101              	.LVL6:
 102              		.loc 1 80 1 view .LVU30
 103 0032 E9E7     		b	.L5
 104              	.L16:
 105              		.align	2
 106              	.L15:
 107 0034 00000000 		.word	.LANCHOR0
 108              		.cfi_endproc
 109              	.LFE0:
 111              		.section	.text.adccmds_init,"ax",%progbits
 112              		.align	1
 113              		.p2align 2,,3
 114              		.global	adccmds_init
 115              		.syntax unified
 116              		.thumb
 117              		.thumb_func
 118              		.fpu fpv4-sp-d16
 120              	adccmds_init:
 121              	.LFB1:
  81:src/adccmds.c **** 
  82:src/adccmds.c **** /* ========== 公共接口实现 ========== */
  83:src/adccmds.c **** 
  84:src/adccmds.c **** /**
  85:src/adccmds.c ****  * @brief  初始化 ADC 命令模块
  86:src/adccmds.c ****  * @retval 0 成功，负数 失败
  87:src/adccmds.c ****  */
  88:src/adccmds.c **** int adccmds_init(void)
  89:src/adccmds.c **** {
 122              		.loc 1 89 1 is_stmt 1 view -0
 123              		.cfi_startproc
 124              		@ args = 0, pretend = 0, frame = 0
 125              		@ frame_needed = 0, uses_anonymous_args = 0
  90:src/adccmds.c ****     int i;
 126              		.loc 1 90 5 view .LVU32
  91:src/adccmds.c ****     
  92:src/adccmds.c ****     /* 清零所有状态 */
  93:src/adccmds.c ****     for (i = 0; i < ADC_CHANNEL_COUNT; i++) {
ARM GAS  /tmp/ccVoPLPn.s 			page 5


 127              		.loc 1 93 5 view .LVU33
 128              	.LVL7:
 129              		.loc 1 93 17 view .LVU34
  94:src/adccmds.c ****         s_adc_channels[i].channel = 0;
 130              		.loc 1 94 9 view .LVU35
  95:src/adccmds.c ****         s_adc_channels[i].configured = 0;
 131              		.loc 1 95 9 view .LVU36
  96:src/adccmds.c ****         s_adc_channels[i].enabled = 0;
 132              		.loc 1 96 9 view .LVU37
  89:src/adccmds.c ****     int i;
 133              		.loc 1 89 1 is_stmt 0 view .LVU38
 134 0000 38B5     		push	{r3, r4, r5, lr}
 135              		.cfi_def_cfa_offset 16
 136              		.cfi_offset 3, -16
 137              		.cfi_offset 4, -12
 138              		.cfi_offset 5, -8
 139              		.cfi_offset 14, -4
  94:src/adccmds.c ****         s_adc_channels[i].configured = 0;
 140              		.loc 1 94 35 view .LVU39
 141 0002 0F4B     		ldr	r3, .L19
  97:src/adccmds.c ****         s_adc_channels[i].value = 0;
  98:src/adccmds.c ****         s_adc_channels[i].min_value = 0;
  99:src/adccmds.c ****         s_adc_channels[i].max_value = ADC_MAX_VALUE;
 100:src/adccmds.c ****         s_adc_channels[i].callback = NULL;
 101:src/adccmds.c ****         s_adc_channels[i].callback_arg = NULL;
 102:src/adccmds.c ****     }
 103:src/adccmds.c ****     
 104:src/adccmds.c ****     /* 初始化采样定时器 */
 105:src/adccmds.c ****     s_adc_timer.func = adc_timer_callback;
 142              		.loc 1 105 22 view .LVU40
 143 0004 0F4D     		ldr	r5, .L19+4
 144 0006 1049     		ldr	r1, .L19+8
 145 0008 A960     		str	r1, [r5, #8]
  94:src/adccmds.c ****         s_adc_channels[i].configured = 0;
 146              		.loc 1 94 35 view .LVU41
 147 000a 0024     		movs	r4, #0
  99:src/adccmds.c ****         s_adc_channels[i].callback = NULL;
 148              		.loc 1 99 37 view .LVU42
 149 000c 40F6FF72 		movw	r2, #4095
 150 0010 1A81     		strh	r2, [r3, #8]	@ movhi
 151 0012 9A83     		strh	r2, [r3, #28]	@ movhi
 101:src/adccmds.c ****     }
 152              		.loc 1 101 40 view .LVU43
 153 0014 C3E90344 		strd	r4, r4, [r3, #12]
 154 0018 C3E90844 		strd	r4, r4, [r3, #32]
  94:src/adccmds.c ****         s_adc_channels[i].configured = 0;
 155              		.loc 1 94 35 view .LVU44
 156 001c 1C80     		strh	r4, [r3]	@ movhi
  96:src/adccmds.c ****         s_adc_channels[i].value = 0;
 157              		.loc 1 96 35 view .LVU45
 158 001e 9C70     		strb	r4, [r3, #2]
  97:src/adccmds.c ****         s_adc_channels[i].min_value = 0;
 159              		.loc 1 97 9 is_stmt 1 view .LVU46
  98:src/adccmds.c ****         s_adc_channels[i].max_value = ADC_MAX_VALUE;
 160              		.loc 1 98 9 view .LVU47
  99:src/adccmds.c ****         s_adc_channels[i].callback = NULL;
 161              		.loc 1 99 9 view .LVU48
ARM GAS  /tmp/ccVoPLPn.s 			page 6


 100:src/adccmds.c ****         s_adc_channels[i].callback_arg = NULL;
 162              		.loc 1 100 9 view .LVU49
 101:src/adccmds.c ****     }
 163              		.loc 1 101 9 view .LVU50
  93:src/adccmds.c ****         s_adc_channels[i].channel = 0;
 164              		.loc 1 93 40 view .LVU51
 165              	.LVL8:
  93:src/adccmds.c ****         s_adc_channels[i].channel = 0;
 166              		.loc 1 93 17 view .LVU52
  94:src/adccmds.c ****         s_adc_channels[i].configured = 0;
 167              		.loc 1 94 9 view .LVU53
  95:src/adccmds.c ****         s_adc_channels[i].enabled = 0;
 168              		.loc 1 95 9 view .LVU54
  96:src/adccmds.c ****         s_adc_channels[i].value = 0;
 169              		.loc 1 96 9 view .LVU55
  97:src/adccmds.c ****         s_adc_channels[i].min_value = 0;
 170              		.loc 1 97 33 is_stmt 0 view .LVU56
 171 0020 5C60     		str	r4, [r3, #4]
  94:src/adccmds.c ****         s_adc_channels[i].configured = 0;
 172              		.loc 1 94 35 view .LVU57
 173 0022 9C82     		strh	r4, [r3, #20]	@ movhi
  96:src/adccmds.c ****         s_adc_channels[i].value = 0;
 174              		.loc 1 96 35 view .LVU58
 175 0024 9C75     		strb	r4, [r3, #22]
  97:src/adccmds.c ****         s_adc_channels[i].min_value = 0;
 176              		.loc 1 97 9 is_stmt 1 view .LVU59
  98:src/adccmds.c ****         s_adc_channels[i].max_value = ADC_MAX_VALUE;
 177              		.loc 1 98 9 view .LVU60
  99:src/adccmds.c ****         s_adc_channels[i].callback = NULL;
 178              		.loc 1 99 9 view .LVU61
 100:src/adccmds.c ****         s_adc_channels[i].callback_arg = NULL;
 179              		.loc 1 100 9 view .LVU62
  93:src/adccmds.c ****         s_adc_channels[i].channel = 0;
 180              		.loc 1 93 40 view .LVU63
 181              	.LVL9:
  93:src/adccmds.c ****         s_adc_channels[i].channel = 0;
 182              		.loc 1 93 17 view .LVU64
 183              		.loc 1 105 5 view .LVU65
 106:src/adccmds.c ****     s_adc_timer.waketime = sched_get_time() + ADC_SAMPLE_INTERVAL;
 184              		.loc 1 106 5 view .LVU66
  97:src/adccmds.c ****         s_adc_channels[i].min_value = 0;
 185              		.loc 1 97 33 is_stmt 0 view .LVU67
 186 0026 9C61     		str	r4, [r3, #24]
 187              		.loc 1 106 28 view .LVU68
 188 0028 FFF7FEFF 		bl	sched_get_time
 189              	.LVL10:
 190              		.loc 1 106 45 view .LVU69
 191 002c 00F5C333 		add	r3, r0, #99840
 192 0030 A033     		adds	r3, r3, #160
 107:src/adccmds.c ****     s_adc_timer.next = NULL;
 108:src/adccmds.c ****     
 109:src/adccmds.c ****     /* 启动采样定时器 */
 110:src/adccmds.c ****     sched_add_timer(&s_adc_timer);
 193              		.loc 1 110 5 view .LVU70
 194 0032 2846     		mov	r0, r5
 107:src/adccmds.c ****     s_adc_timer.next = NULL;
 195              		.loc 1 107 22 view .LVU71
ARM GAS  /tmp/ccVoPLPn.s 			page 7


 196 0034 C5E90043 		strd	r4, r3, [r5]
 197              		.loc 1 110 5 is_stmt 1 view .LVU72
 198 0038 FFF7FEFF 		bl	sched_add_timer
 199              	.LVL11:
 111:src/adccmds.c ****     
 112:src/adccmds.c ****     return 0;
 200              		.loc 1 112 5 view .LVU73
 113:src/adccmds.c **** }
 201              		.loc 1 113 1 is_stmt 0 view .LVU74
 202 003c 2046     		mov	r0, r4
 203 003e 38BD     		pop	{r3, r4, r5, pc}
 204              	.L20:
 205              		.align	2
 206              	.L19:
 207 0040 00000000 		.word	.LANCHOR0
 208 0044 00000000 		.word	.LANCHOR1
 209 0048 00000000 		.word	adc_timer_callback
 210              		.cfi_endproc
 211              	.LFE1:
 213              		.section	.text.adc_config,"ax",%progbits
 214              		.align	1
 215              		.p2align 2,,3
 216              		.global	adc_config
 217              		.syntax unified
 218              		.thumb
 219              		.thumb_func
 220              		.fpu fpv4-sp-d16
 222              	adc_config:
 223              	.LVL12:
 224              	.LFB2:
 114:src/adccmds.c **** 
 115:src/adccmds.c **** /**
 116:src/adccmds.c ****  * @brief  配置 ADC 通道
 117:src/adccmds.c ****  * @param  id ADC 通道 ID
 118:src/adccmds.c ****  * @param  config 配置参数
 119:src/adccmds.c ****  * @retval 0 成功，负数 失败
 120:src/adccmds.c ****  */
 121:src/adccmds.c **** int adc_config(adc_channel_t id, const adc_config_t* config)
 122:src/adccmds.c **** {
 225              		.loc 1 122 1 is_stmt 1 view -0
 226              		.cfi_startproc
 227              		@ args = 0, pretend = 0, frame = 0
 228              		@ frame_needed = 0, uses_anonymous_args = 0
 123:src/adccmds.c ****     adc_state_t* adc;
 229              		.loc 1 123 5 view .LVU76
 124:src/adccmds.c ****     
 125:src/adccmds.c ****     if (id >= ADC_CHANNEL_COUNT || config == NULL) {
 230              		.loc 1 125 5 view .LVU77
 231              		.loc 1 125 8 is_stmt 0 view .LVU78
 232 0000 0128     		cmp	r0, #1
 233 0002 15D8     		bhi	.L24
 234              		.loc 1 125 33 discriminator 1 view .LVU79
 235 0004 A1B1     		cbz	r1, .L24
 126:src/adccmds.c ****         return -1;
 127:src/adccmds.c ****     }
 128:src/adccmds.c ****     
 129:src/adccmds.c ****     adc = &s_adc_channels[id];
ARM GAS  /tmp/ccVoPLPn.s 			page 8


 236              		.loc 1 129 5 is_stmt 1 view .LVU80
 237              	.LVL13:
 130:src/adccmds.c ****     adc->channel = config->channel;
 238              		.loc 1 130 5 view .LVU81
 122:src/adccmds.c ****     adc_state_t* adc;
 239              		.loc 1 122 1 is_stmt 0 view .LVU82
 240 0006 10B5     		push	{r4, lr}
 241              		.cfi_def_cfa_offset 8
 242              		.cfi_offset 4, -8
 243              		.cfi_offset 14, -4
 244              		.loc 1 130 18 view .LVU83
 245 0008 0B4C     		ldr	r4, .L29
 246              		.loc 1 130 26 view .LVU84
 247 000a 91F800C0 		ldrb	ip, [r1]	@ zero_extendqisi2
 248              		.loc 1 130 18 view .LVU85
 249 000e 00EB8003 		add	r3, r0, r0, lsl #2
 250 0012 04EB8302 		add	r2, r4, r3, lsl #2
 251 0016 04F823C0 		strb	ip, [r4, r3, lsl #2]
 131:src/adccmds.c ****     adc->min_value = config->min_value;
 252              		.loc 1 131 5 is_stmt 1 view .LVU86
 253              		.loc 1 131 20 is_stmt 0 view .LVU87
 254 001a 4C88     		ldrh	r4, [r1, #2]
 132:src/adccmds.c ****     adc->max_value = config->max_value;
 255              		.loc 1 132 20 view .LVU88
 256 001c 8988     		ldrh	r1, [r1, #4]
 257              	.LVL14:
 258              		.loc 1 132 20 view .LVU89
 259 001e 1181     		strh	r1, [r2, #8]	@ movhi
 133:src/adccmds.c ****     adc->configured = 1;
 260              		.loc 1 133 21 view .LVU90
 261 0020 0123     		movs	r3, #1
 134:src/adccmds.c ****     
 135:src/adccmds.c ****     /* 配置 HAL 层 ADC */
 136:src/adccmds.c ****     adc_setup(config->channel);
 262              		.loc 1 136 5 view .LVU91
 263 0022 6046     		mov	r0, ip
 264              	.LVL15:
 131:src/adccmds.c ****     adc->max_value = config->max_value;
 265              		.loc 1 131 20 view .LVU92
 266 0024 D480     		strh	r4, [r2, #6]	@ movhi
 132:src/adccmds.c ****     adc->configured = 1;
 267              		.loc 1 132 5 is_stmt 1 view .LVU93
 133:src/adccmds.c ****     
 268              		.loc 1 133 5 view .LVU94
 133:src/adccmds.c ****     
 269              		.loc 1 133 21 is_stmt 0 view .LVU95
 270 0026 5370     		strb	r3, [r2, #1]
 271              		.loc 1 136 5 is_stmt 1 view .LVU96
 272 0028 FFF7FEFF 		bl	adc_setup
 273              	.LVL16:
 137:src/adccmds.c ****     
 138:src/adccmds.c ****     return 0;
 274              		.loc 1 138 5 view .LVU97
 275              		.loc 1 138 12 is_stmt 0 view .LVU98
 276 002c 0020     		movs	r0, #0
 139:src/adccmds.c **** }
 277              		.loc 1 139 1 view .LVU99
ARM GAS  /tmp/ccVoPLPn.s 			page 9


 278 002e 10BD     		pop	{r4, pc}
 279              	.LVL17:
 280              	.L24:
 281              		.cfi_def_cfa_offset 0
 282              		.cfi_restore 4
 283              		.cfi_restore 14
 126:src/adccmds.c ****     }
 284              		.loc 1 126 16 view .LVU100
 285 0030 4FF0FF30 		mov	r0, #-1
 286              	.LVL18:
 287              		.loc 1 139 1 view .LVU101
 288 0034 7047     		bx	lr
 289              	.L30:
 290 0036 00BF     		.align	2
 291              	.L29:
 292 0038 00000000 		.word	.LANCHOR0
 293              		.cfi_endproc
 294              	.LFE2:
 296              		.section	.text.adc_enable,"ax",%progbits
 297              		.align	1
 298              		.p2align 2,,3
 299              		.global	adc_enable
 300              		.syntax unified
 301              		.thumb
 302              		.thumb_func
 303              		.fpu fpv4-sp-d16
 305              	adc_enable:
 306              	.LVL19:
 307              	.LFB3:
 140:src/adccmds.c **** 
 141:src/adccmds.c **** /**
 142:src/adccmds.c ****  * @brief  启用 ADC 通道
 143:src/adccmds.c ****  * @param  id ADC 通道 ID
 144:src/adccmds.c ****  * @param  enable 1 启用，0 禁用
 145:src/adccmds.c ****  */
 146:src/adccmds.c **** void adc_enable(adc_channel_t id, int enable)
 147:src/adccmds.c **** {
 308              		.loc 1 147 1 is_stmt 1 view -0
 309              		.cfi_startproc
 310              		@ args = 0, pretend = 0, frame = 0
 311              		@ frame_needed = 0, uses_anonymous_args = 0
 312              		@ link register save eliminated.
 148:src/adccmds.c ****     if (id >= ADC_CHANNEL_COUNT) {
 313              		.loc 1 148 5 view .LVU103
 314              		.loc 1 148 8 is_stmt 0 view .LVU104
 315 0000 0128     		cmp	r0, #1
 316 0002 08D8     		bhi	.L31
 149:src/adccmds.c ****         return;
 150:src/adccmds.c ****     }
 151:src/adccmds.c ****     
 152:src/adccmds.c ****     s_adc_channels[id].enabled = enable ? 1 : 0;
 317              		.loc 1 152 5 is_stmt 1 view .LVU105
 318              		.loc 1 152 32 is_stmt 0 view .LVU106
 319 0004 044B     		ldr	r3, .L33
 320 0006 00EB8000 		add	r0, r0, r0, lsl #2
 321              	.LVL20:
 322              		.loc 1 152 45 view .LVU107
ARM GAS  /tmp/ccVoPLPn.s 			page 10


 323 000a 0039     		subs	r1, r1, #0
 324              		.loc 1 152 32 view .LVU108
 325 000c 03EB8000 		add	r0, r3, r0, lsl #2
 326              		.loc 1 152 45 view .LVU109
 327 0010 18BF     		it	ne
 328 0012 0121     		movne	r1, #1
 329              	.LVL21:
 330              		.loc 1 152 45 view .LVU110
 331 0014 8170     		strb	r1, [r0, #2]
 332              	.L31:
 153:src/adccmds.c **** }
 333              		.loc 1 153 1 view .LVU111
 334 0016 7047     		bx	lr
 335              	.L34:
 336              		.align	2
 337              	.L33:
 338 0018 00000000 		.word	.LANCHOR0
 339              		.cfi_endproc
 340              	.LFE3:
 342              		.section	.text.adc_get_value,"ax",%progbits
 343              		.align	1
 344              		.p2align 2,,3
 345              		.global	adc_get_value
 346              		.syntax unified
 347              		.thumb
 348              		.thumb_func
 349              		.fpu fpv4-sp-d16
 351              	adc_get_value:
 352              	.LVL22:
 353              	.LFB4:
 154:src/adccmds.c **** 
 155:src/adccmds.c **** /**
 156:src/adccmds.c ****  * @brief  读取 ADC 原始值
 157:src/adccmds.c ****  * @param  id ADC 通道 ID
 158:src/adccmds.c ****  * @retval ADC 原始值（0-4095），负数表示错误
 159:src/adccmds.c ****  */
 160:src/adccmds.c **** int32_t adc_get_value(adc_channel_t id)
 161:src/adccmds.c **** {
 354              		.loc 1 161 1 is_stmt 1 view -0
 355              		.cfi_startproc
 356              		@ args = 0, pretend = 0, frame = 0
 357              		@ frame_needed = 0, uses_anonymous_args = 0
 358              		@ link register save eliminated.
 162:src/adccmds.c ****     if (id >= ADC_CHANNEL_COUNT) {
 359              		.loc 1 162 5 view .LVU113
 360              		.loc 1 162 8 is_stmt 0 view .LVU114
 361 0000 0128     		cmp	r0, #1
 362 0002 08D8     		bhi	.L37
 163:src/adccmds.c ****         return -1;
 164:src/adccmds.c ****     }
 165:src/adccmds.c ****     
 166:src/adccmds.c ****     if (!s_adc_channels[id].configured) {
 363              		.loc 1 166 5 is_stmt 1 view .LVU115
 364              		.loc 1 166 28 is_stmt 0 view .LVU116
 365 0004 074B     		ldr	r3, .L39
 366 0006 00EB8000 		add	r0, r0, r0, lsl #2
 367              	.LVL23:
ARM GAS  /tmp/ccVoPLPn.s 			page 11


 368              		.loc 1 166 28 view .LVU117
 369 000a 03EB8000 		add	r0, r3, r0, lsl #2
 370              		.loc 1 166 8 view .LVU118
 371 000e 4378     		ldrb	r3, [r0, #1]	@ zero_extendqisi2
 372 0010 23B1     		cbz	r3, .L38
 167:src/adccmds.c ****         return -2;
 168:src/adccmds.c ****     }
 169:src/adccmds.c ****     
 170:src/adccmds.c ****     return s_adc_channels[id].value;
 373              		.loc 1 170 5 is_stmt 1 view .LVU119
 374              		.loc 1 170 30 is_stmt 0 view .LVU120
 375 0012 8088     		ldrh	r0, [r0, #4]
 376 0014 7047     		bx	lr
 377              	.LVL24:
 378              	.L37:
 163:src/adccmds.c ****         return -1;
 379              		.loc 1 163 16 view .LVU121
 380 0016 4FF0FF30 		mov	r0, #-1
 381              	.LVL25:
 163:src/adccmds.c ****         return -1;
 382              		.loc 1 163 16 view .LVU122
 383 001a 7047     		bx	lr
 384              	.L38:
 167:src/adccmds.c ****         return -2;
 385              		.loc 1 167 16 view .LVU123
 386 001c 6FF00100 		mvn	r0, #1
 171:src/adccmds.c **** }
 387              		.loc 1 171 1 view .LVU124
 388 0020 7047     		bx	lr
 389              	.L40:
 390 0022 00BF     		.align	2
 391              	.L39:
 392 0024 00000000 		.word	.LANCHOR0
 393              		.cfi_endproc
 394              	.LFE4:
 396              		.section	.text.adc_get_voltage,"ax",%progbits
 397              		.align	1
 398              		.p2align 2,,3
 399              		.global	adc_get_voltage
 400              		.syntax unified
 401              		.thumb
 402              		.thumb_func
 403              		.fpu fpv4-sp-d16
 405              	adc_get_voltage:
 406              	.LVL26:
 407              	.LFB5:
 172:src/adccmds.c **** 
 173:src/adccmds.c **** /**
 174:src/adccmds.c ****  * @brief  读取 ADC 电压值
 175:src/adccmds.c ****  * @param  id ADC 通道 ID
 176:src/adccmds.c ****  * @param  vref 参考电压（mV）
 177:src/adccmds.c ****  * @retval 电压值（mV），负数表示错误
 178:src/adccmds.c ****  */
 179:src/adccmds.c **** int32_t adc_get_voltage(adc_channel_t id, uint16_t vref)
 180:src/adccmds.c **** {
 408              		.loc 1 180 1 is_stmt 1 view -0
 409              		.cfi_startproc
ARM GAS  /tmp/ccVoPLPn.s 			page 12


 410              		@ args = 0, pretend = 0, frame = 0
 411              		@ frame_needed = 0, uses_anonymous_args = 0
 412              		@ link register save eliminated.
 181:src/adccmds.c ****     int32_t value;
 413              		.loc 1 181 5 view .LVU126
 182:src/adccmds.c ****     
 183:src/adccmds.c ****     value = adc_get_value(id);
 414              		.loc 1 183 5 view .LVU127
 415              	.LBB5:
 416              	.LBI5:
 160:src/adccmds.c **** {
 417              		.loc 1 160 9 view .LVU128
 418              	.LBB6:
 162:src/adccmds.c ****         return -1;
 419              		.loc 1 162 5 view .LVU129
 162:src/adccmds.c ****         return -1;
 420              		.loc 1 162 8 is_stmt 0 view .LVU130
 421 0000 0128     		cmp	r0, #1
 422 0002 11D8     		bhi	.L43
 166:src/adccmds.c ****         return -2;
 423              		.loc 1 166 5 is_stmt 1 view .LVU131
 166:src/adccmds.c ****         return -2;
 424              		.loc 1 166 28 is_stmt 0 view .LVU132
 425 0004 0B4B     		ldr	r3, .L45
 426 0006 00EB8000 		add	r0, r0, r0, lsl #2
 427              	.LVL27:
 166:src/adccmds.c ****         return -2;
 428              		.loc 1 166 28 view .LVU133
 429 000a 03EB8000 		add	r0, r3, r0, lsl #2
 166:src/adccmds.c ****         return -2;
 430              		.loc 1 166 8 view .LVU134
 431 000e 4378     		ldrb	r3, [r0, #1]	@ zero_extendqisi2
 432 0010 6BB1     		cbz	r3, .L44
 170:src/adccmds.c **** }
 433              		.loc 1 170 5 is_stmt 1 view .LVU135
 434              	.LVL28:
 170:src/adccmds.c **** }
 435              		.loc 1 170 5 is_stmt 0 view .LVU136
 436              	.LBE6:
 437              	.LBE5:
 184:src/adccmds.c ****     if (value < 0) {
 438              		.loc 1 184 5 is_stmt 1 view .LVU137
 185:src/adccmds.c ****         return value;
 186:src/adccmds.c ****     }
 187:src/adccmds.c ****     
 188:src/adccmds.c ****     /* 计算电压：voltage = value * vref / ADC_MAX_VALUE */
 189:src/adccmds.c ****     return (value * vref) / ADC_MAX_VALUE;
 439              		.loc 1 189 5 view .LVU138
 440              	.LBB9:
 441              	.LBB7:
 170:src/adccmds.c **** }
 442              		.loc 1 170 30 is_stmt 0 view .LVU139
 443 0012 8388     		ldrh	r3, [r0, #4]
 444              	.LBE7:
 445              	.LBE9:
 446              		.loc 1 189 27 view .LVU140
 447 0014 0848     		ldr	r0, .L45+4
ARM GAS  /tmp/ccVoPLPn.s 			page 13


 448              		.loc 1 189 19 view .LVU141
 449 0016 03FB01F1 		mul	r1, r3, r1
 450              	.LVL29:
 451              		.loc 1 189 27 view .LVU142
 452 001a A0FB0130 		umull	r3, r0, r0, r1
 453 001e 091A     		subs	r1, r1, r0
 454 0020 00EB5100 		add	r0, r0, r1, lsr #1
 455 0024 C00A     		lsrs	r0, r0, #11
 456 0026 7047     		bx	lr
 457              	.LVL30:
 458              	.L43:
 459              	.LBB10:
 460              	.LBB8:
 163:src/adccmds.c ****     }
 461              		.loc 1 163 16 view .LVU143
 462 0028 4FF0FF30 		mov	r0, #-1
 463              	.LVL31:
 163:src/adccmds.c ****     }
 464              		.loc 1 163 16 view .LVU144
 465 002c 7047     		bx	lr
 466              	.L44:
 167:src/adccmds.c ****     }
 467              		.loc 1 167 16 view .LVU145
 468 002e 6FF00100 		mvn	r0, #1
 167:src/adccmds.c ****     }
 469              		.loc 1 167 16 view .LVU146
 470              	.LBE8:
 471              	.LBE10:
 190:src/adccmds.c **** }
 472              		.loc 1 190 1 view .LVU147
 473 0032 7047     		bx	lr
 474              	.L46:
 475              		.align	2
 476              	.L45:
 477 0034 00000000 		.word	.LANCHOR0
 478 0038 01011000 		.word	1048833
 479              		.cfi_endproc
 480              	.LFE5:
 482              		.section	.text.adc_set_callback,"ax",%progbits
 483              		.align	1
 484              		.p2align 2,,3
 485              		.global	adc_set_callback
 486              		.syntax unified
 487              		.thumb
 488              		.thumb_func
 489              		.fpu fpv4-sp-d16
 491              	adc_set_callback:
 492              	.LVL32:
 493              	.LFB6:
 191:src/adccmds.c **** 
 192:src/adccmds.c **** /**
 193:src/adccmds.c ****  * @brief  设置采样完成回调
 194:src/adccmds.c ****  * @param  id ADC 通道 ID
 195:src/adccmds.c ****  * @param  callback 回调函数
 196:src/adccmds.c ****  * @param  arg 回调参数
 197:src/adccmds.c ****  */
 198:src/adccmds.c **** void adc_set_callback(adc_channel_t id, adc_callback_fn_t callback, void* arg)
ARM GAS  /tmp/ccVoPLPn.s 			page 14


 199:src/adccmds.c **** {
 494              		.loc 1 199 1 is_stmt 1 view -0
 495              		.cfi_startproc
 496              		@ args = 0, pretend = 0, frame = 0
 497              		@ frame_needed = 0, uses_anonymous_args = 0
 498              		@ link register save eliminated.
 200:src/adccmds.c ****     if (id >= ADC_CHANNEL_COUNT) {
 499              		.loc 1 200 5 view .LVU149
 500              		.loc 1 200 8 is_stmt 0 view .LVU150
 501 0000 0128     		cmp	r0, #1
 502 0002 06D8     		bhi	.L47
 201:src/adccmds.c ****         return;
 202:src/adccmds.c ****     }
 203:src/adccmds.c ****     
 204:src/adccmds.c ****     s_adc_channels[id].callback = callback;
 503              		.loc 1 204 5 is_stmt 1 view .LVU151
 504              		.loc 1 204 33 is_stmt 0 view .LVU152
 505 0004 034B     		ldr	r3, .L49
 506 0006 00EB8000 		add	r0, r0, r0, lsl #2
 507              	.LVL33:
 508              		.loc 1 204 33 view .LVU153
 509 000a 03EB8000 		add	r0, r3, r0, lsl #2
 205:src/adccmds.c ****     s_adc_channels[id].callback_arg = arg;
 510              		.loc 1 205 37 view .LVU154
 511 000e C0E90312 		strd	r1, r2, [r0, #12]
 512              	.L47:
 206:src/adccmds.c **** }
 513              		.loc 1 206 1 view .LVU155
 514 0012 7047     		bx	lr
 515              	.L50:
 516              		.align	2
 517              	.L49:
 518 0014 00000000 		.word	.LANCHOR0
 519              		.cfi_endproc
 520              	.LFE6:
 522              		.section	.text.adc_sample_now,"ax",%progbits
 523              		.align	1
 524              		.p2align 2,,3
 525              		.global	adc_sample_now
 526              		.syntax unified
 527              		.thumb
 528              		.thumb_func
 529              		.fpu fpv4-sp-d16
 531              	adc_sample_now:
 532              	.LVL34:
 533              	.LFB7:
 207:src/adccmds.c **** 
 208:src/adccmds.c **** /**
 209:src/adccmds.c ****  * @brief  触发单次 ADC 采样
 210:src/adccmds.c ****  * @param  id ADC 通道 ID
 211:src/adccmds.c ****  * @retval ADC 原始值，负数表示错误
 212:src/adccmds.c ****  */
 213:src/adccmds.c **** int32_t adc_sample_now(adc_channel_t id)
 214:src/adccmds.c **** {
 534              		.loc 1 214 1 is_stmt 1 view -0
 535              		.cfi_startproc
 536              		@ args = 0, pretend = 0, frame = 0
ARM GAS  /tmp/ccVoPLPn.s 			page 15


 537              		@ frame_needed = 0, uses_anonymous_args = 0
 215:src/adccmds.c ****     adc_state_t* adc;
 538              		.loc 1 215 5 view .LVU157
 216:src/adccmds.c ****     uint16_t value;
 539              		.loc 1 216 5 view .LVU158
 217:src/adccmds.c ****     
 218:src/adccmds.c ****     if (id >= ADC_CHANNEL_COUNT) {
 540              		.loc 1 218 5 view .LVU159
 541              		.loc 1 218 8 is_stmt 0 view .LVU160
 542 0000 0128     		cmp	r0, #1
 543 0002 10D8     		bhi	.L53
 219:src/adccmds.c ****         return -1;
 220:src/adccmds.c ****     }
 221:src/adccmds.c ****     
 222:src/adccmds.c ****     adc = &s_adc_channels[id];
 544              		.loc 1 222 5 is_stmt 1 view .LVU161
 545              	.LVL35:
 223:src/adccmds.c ****     if (!adc->configured) {
 546              		.loc 1 223 5 view .LVU162
 547              		.loc 1 223 13 is_stmt 0 view .LVU163
 548 0004 094B     		ldr	r3, .L59
 549 0006 00EB8000 		add	r0, r0, r0, lsl #2
 550              	.LVL36:
 214:src/adccmds.c ****     adc_state_t* adc;
 551              		.loc 1 214 1 view .LVU164
 552 000a 10B5     		push	{r4, lr}
 553              		.cfi_def_cfa_offset 8
 554              		.cfi_offset 4, -8
 555              		.cfi_offset 14, -4
 556              		.loc 1 223 13 view .LVU165
 557 000c 03EB8004 		add	r4, r3, r0, lsl #2
 558 0010 8000     		lsls	r0, r0, #2
 559              		.loc 1 223 8 view .LVU166
 560 0012 6278     		ldrb	r2, [r4, #1]	@ zero_extendqisi2
 561 0014 22B1     		cbz	r2, .L54
 224:src/adccmds.c ****         return -2;
 225:src/adccmds.c ****     }
 226:src/adccmds.c ****     
 227:src/adccmds.c ****     /* 立即读取 ADC */
 228:src/adccmds.c ****     value = adc_read(adc->channel);
 562              		.loc 1 228 5 is_stmt 1 view .LVU167
 563              		.loc 1 228 13 is_stmt 0 view .LVU168
 564 0016 185C     		ldrb	r0, [r3, r0]	@ zero_extendqisi2
 565 0018 FFF7FEFF 		bl	adc_read
 566              	.LVL37:
 229:src/adccmds.c ****     adc->value = value;
 567              		.loc 1 229 5 is_stmt 1 view .LVU169
 568              		.loc 1 229 16 is_stmt 0 view .LVU170
 569 001c A080     		strh	r0, [r4, #4]	@ movhi
 230:src/adccmds.c ****     
 231:src/adccmds.c ****     return value;
 570              		.loc 1 231 5 is_stmt 1 view .LVU171
 232:src/adccmds.c **** }
 571              		.loc 1 232 1 is_stmt 0 view .LVU172
 572 001e 10BD     		pop	{r4, pc}
 573              	.LVL38:
 574              	.L54:
ARM GAS  /tmp/ccVoPLPn.s 			page 16


 224:src/adccmds.c ****     }
 575              		.loc 1 224 16 view .LVU173
 576 0020 6FF00100 		mvn	r0, #1
 577              		.loc 1 232 1 view .LVU174
 578 0024 10BD     		pop	{r4, pc}
 579              	.LVL39:
 580              	.L53:
 581              		.cfi_def_cfa_offset 0
 582              		.cfi_restore 4
 583              		.cfi_restore 14
 219:src/adccmds.c ****     }
 584              		.loc 1 219 16 view .LVU175
 585 0026 4FF0FF30 		mov	r0, #-1
 586              	.LVL40:
 587              		.loc 1 232 1 view .LVU176
 588 002a 7047     		bx	lr
 589              	.L60:
 590              		.align	2
 591              	.L59:
 592 002c 00000000 		.word	.LANCHOR0
 593              		.cfi_endproc
 594              	.LFE7:
 596              		.section	.bss.s_adc_channels,"aw",%nobits
 597              		.align	2
 598              		.set	.LANCHOR0,. + 0
 601              	s_adc_channels:
 602 0000 00000000 		.space	40
 602      00000000 
 602      00000000 
 602      00000000 
 602      00000000 
 603              		.section	.bss.s_adc_timer,"aw",%nobits
 604              		.align	2
 605              		.set	.LANCHOR1,. + 0
 608              	s_adc_timer:
 609 0000 00000000 		.space	12
 609      00000000 
 609      00000000 
 610              		.text
 611              	.Letext0:
 612              		.file 2 "/usr/lib/gcc/arm-none-eabi/10.3.1/include/stdint.h"
 613              		.file 3 "src/adccmds.h"
 614              		.file 4 "src/sched.h"
ARM GAS  /tmp/ccVoPLPn.s 			page 17


DEFINED SYMBOLS
                            *ABS*:0000000000000000 adccmds.c
     /tmp/ccVoPLPn.s:18     .text.adc_timer_callback:0000000000000000 $t
     /tmp/ccVoPLPn.s:26     .text.adc_timer_callback:0000000000000000 adc_timer_callback
     /tmp/ccVoPLPn.s:107    .text.adc_timer_callback:0000000000000034 $d
     /tmp/ccVoPLPn.s:112    .text.adccmds_init:0000000000000000 $t
     /tmp/ccVoPLPn.s:120    .text.adccmds_init:0000000000000000 adccmds_init
     /tmp/ccVoPLPn.s:207    .text.adccmds_init:0000000000000040 $d
     /tmp/ccVoPLPn.s:214    .text.adc_config:0000000000000000 $t
     /tmp/ccVoPLPn.s:222    .text.adc_config:0000000000000000 adc_config
     /tmp/ccVoPLPn.s:292    .text.adc_config:0000000000000038 $d
     /tmp/ccVoPLPn.s:297    .text.adc_enable:0000000000000000 $t
     /tmp/ccVoPLPn.s:305    .text.adc_enable:0000000000000000 adc_enable
     /tmp/ccVoPLPn.s:338    .text.adc_enable:0000000000000018 $d
     /tmp/ccVoPLPn.s:343    .text.adc_get_value:0000000000000000 $t
     /tmp/ccVoPLPn.s:351    .text.adc_get_value:0000000000000000 adc_get_value
     /tmp/ccVoPLPn.s:392    .text.adc_get_value:0000000000000024 $d
     /tmp/ccVoPLPn.s:397    .text.adc_get_voltage:0000000000000000 $t
     /tmp/ccVoPLPn.s:405    .text.adc_get_voltage:0000000000000000 adc_get_voltage
     /tmp/ccVoPLPn.s:477    .text.adc_get_voltage:0000000000000034 $d
     /tmp/ccVoPLPn.s:483    .text.adc_set_callback:0000000000000000 $t
     /tmp/ccVoPLPn.s:491    .text.adc_set_callback:0000000000000000 adc_set_callback
     /tmp/ccVoPLPn.s:518    .text.adc_set_callback:0000000000000014 $d
     /tmp/ccVoPLPn.s:523    .text.adc_sample_now:0000000000000000 $t
     /tmp/ccVoPLPn.s:531    .text.adc_sample_now:0000000000000000 adc_sample_now
     /tmp/ccVoPLPn.s:592    .text.adc_sample_now:000000000000002c $d
     /tmp/ccVoPLPn.s:597    .bss.s_adc_channels:0000000000000000 $d
     /tmp/ccVoPLPn.s:601    .bss.s_adc_channels:0000000000000000 s_adc_channels
     /tmp/ccVoPLPn.s:604    .bss.s_adc_timer:0000000000000000 $d
     /tmp/ccVoPLPn.s:608    .bss.s_adc_timer:0000000000000000 s_adc_timer

UNDEFINED SYMBOLS
adc_read
sched_get_time
sched_add_timer
adc_setup
